Determining if the pthread_create exist failed with the following output:
Change Dir: /home/workspace/MyRobot/build/CMakeFiles/CMakeTmp

Run Build Command:"/usr/bin/make" "cmTC_69eca/fast"
/usr/bin/make -f CMakeFiles/cmTC_69eca.dir/build.make CMakeFiles/cmTC_69eca.dir/build
make[1]: Entering directory '/home/workspace/MyRobot/build/CMakeFiles/CMakeTmp'
Building C object CMakeFiles/cmTC_69eca.dir/CheckSymbolExists.c.o
/usr/bin/cc     -o CMakeFiles/cmTC_69eca.dir/CheckSymbolExists.c.o   -c /home/workspace/MyRobot/build/CMakeFiles/CMakeTmp/CheckSymbolExists.c
Linking C executable cmTC_69eca
/usr/bin/cmake -E cmake_link_script CMakeFiles/cmTC_69eca.dir/link.txt --verbose=1
/usr/bin/cc       CMakeFiles/cmTC_69eca.dir/CheckSymbolExists.c.o  -o cmTC_69eca -rdynamic 
CMakeFiles/cmTC_69eca.dir/CheckSymbolExists.c.o: In function `main':
CheckSymbolExists.c:(.text+0x16): undefined reference to `pthread_create'
collect2: error: ld returned 1 exit status
CMakeFiles/cmTC_69eca.dir/build.make:97: recipe for target 'cmTC_69eca' failed
make[1]: *** [cmTC_69eca] Error 1
make[1]: Leaving directory '/home/workspace/MyRobot/build/CMakeFiles/CMakeTmp'
Makefile:126: recipe for target 'cmTC_69eca/fast' failed
make: *** [cmTC_69eca/fast] Error 2

File /home/workspace/MyRobot/build/CMakeFiles/CMakeTmp/CheckSymbolExists.c:
/* */
#include <pthread.h>

int main(int argc, char** argv)
{
  (void)argv;
#ifndef pthread_create
  return ((int*)(&pthread_create))[argc];
#else
  (void)argc;
  return 0;
#endif
}

Determining if the function pthread_create exists in the pthreads failed with the following output:
Change Dir: /home/workspace/MyRobot/build/CMakeFiles/CMakeTmp

Run Build Command:"/usr/bin/make" "cmTC_8a8cf/fast"
/usr/bin/make -f CMakeFiles/cmTC_8a8cf.dir/build.make CMakeFiles/cmTC_8a8cf.dir/build
make[1]: Entering directory '/home/workspace/MyRobot/build/CMakeFiles/CMakeTmp'
Building C object CMakeFiles/cmTC_8a8cf.dir/CheckFunctionExists.c.o
/usr/bin/cc    -DCHECK_FUNCTION_EXISTS=pthread_create   -o CMakeFiles/cmTC_8a8cf.dir/CheckFunctionExists.c.o   -c /usr/share/cmake-3.5/Modules/CheckFunctionExists.c
Linking C executable cmTC_8a8cf
/usr/bin/cmake -E cmake_link_script CMakeFiles/cmTC_8a8cf.dir/link.txt --verbose=1
/usr/bin/cc   -DCHECK_FUNCTION_EXISTS=pthread_create    CMakeFiles/cmTC_8a8cf.dir/CheckFunctionExists.c.o  -o cmTC_8a8cf -rdynamic -lpthreads 
/usr/bin/ld: cannot find -lpthreads
collect2: error: ld returned 1 exit status
CMakeFiles/cmTC_8a8cf.dir/build.make:97: recipe for target 'cmTC_8a8cf' failed
make[1]: *** [cmTC_8a8cf] Error 1
make[1]: Leaving directory '/home/workspace/MyRobot/build/CMakeFiles/CMakeTmp'
Makefile:126: recipe for target 'cmTC_8a8cf/fast' failed
make: *** [cmTC_8a8cf/fast] Error 2


